
__DIR__:
/var/www/dram/data/www/dram.am/app/sys/App

getcwd:
/root

dirname(__FILE__):
/var/www/dram/data/www/dram.am/app/sys/App
string(3078) "INSERT INTO course (cid, price, date_at) VALUES (13, 75,905.46, 1731024001), (14, 2,895.59, 1731024001), (15, 1.00074, 1731024001), (21, 196.30, 1731024001), (16, 598.60, 1731024001), (17, 1.00000, 1731024001), (20, 0.5551, 1731024001), (23, 0.19315, 1731024001), (18, 0.4059, 1731024001), (38, 0.1603, 1731024001), (362, 4.91, 1731024001), (28, 0.000019179, 1731024001), (25, 27.39, 1731024001), (34, 12.59, 1731024001), (39, 377.82, 1731024001), (368, 2.318413202, 1731024001), (24, 4.164, 1731024001), (49, 6.25780297, 1731024001), (33, 71.48, 1731024001), (31, 0.99963, 1731024001), (36, 8.90438060, 1731024001), (35, 4.228168720, 1731024001), (363, 9.829524000, 1731024001), (367, 0.000010961789, 1731024001), (408, 506.95269917, 1731024001), (45, 7.81, 1731024001), (197, 1.410765, 1731024001), (50, 20.26489392, 1731024001), (42, 0.102152512, 1731024001), (58, 163.19925896, 1731024001), (386, 0.11456154, 1731024001), (63, 183.583292091, 1731024001), (434, 0.345492840, 1731024001), (433, 5.029645500, 1731024001), (66, 1.677248495, 1731024001), (361, 40.36753516, 1731024001), (364, 0.092207730, 1731024001), (409, 2.38437264, 1731024001), (381, 0.99980571, 1731024001), (365, 0.580600473, 1731024001), (53, 3.766315400, 1731024001), (375, 0.66942174, 1731024001), (175, 21.58280141, 1731024001), (382, 5.12664089, 1731024001), (130, 1.223266581, 1731024001), (41, 0.72205111, 1731024001), (344, 1.60251098, 1731024001), (74, 5.60047680, 1731024001), (46, 0.04923636, 1731024001), (360, 4.529590718, 1731024001), (48, 0.021758849, 1731024001), (376, 1.24179264, 1731024001), (389, 0.415836689, 1731024001), (393, 0.0000226275, 1731024001), (431, 1.59145773, 1731024001), (64, 0.156982616, 1731024001), (414, 0.50924322, 1731024001), (397, 0.398906747, 1731024001), (405, 1.05535824, 1731024001), (374, 0.0001437469, 1731024001), (67, 1,509.73047973, 1731024001), (285, 4.627866093, 1731024001), (406, 1.99011939, 1731024001), (185, 10.18117651, 1731024001), (330, 1.405574, 1731024001), (56, 1.21233576, 1731024001), (89, 18.00773029, 1731024001), (266, 1.28265892, 1731024001), (52, 6.12793439, 1731024001), (241, 0.0209257, 1731024001), (68, 52.178607807, 1731024001), (411, 0.74081032, 1731024001), (37, 0.122600716, 1731024001), (438, 1.44013045, 1731024001), (391, 0.01920111, 1731024001), (436, 0.00224952, 1731024001), (422, 0.09286673, 1731024001), (27, 0.3439, 1731024001), (402, 5.453256401, 1731024001), (430, 0.00994631, 1731024001), (296, 0.41138599, 1731024001), (369, 0.0000008842, 1731024001), (424, 0.00000211984497, 1731024001), (439, 0.8584492104, 1731024001), (69, 0.539776480, 1731024001), (399, 0.90017931, 1731024001), (112, 9.04422665, 1731024001), (194, 1.061837680, 1731024001), (75, 0.02170735, 1731024001), (55, 4.979627164, 1731024001), (267, 0.99977265, 1731024001), (387, 35.64333156, 1731024001), (84, 62.12978667, 1731024001), (54, 26.613774000, 1731024001), (77, 10.3171, 1731024001), (440, 0.12326529, 1731024001), (82, 44.04592174, 1731024001), (61, 0.466645720, 1731024001), (79, 0.00003554, 1731024001), (373, 0.013161, 1731024001)"
NULL
PDOException: SQLSTATE[HY000]: General error: 1 all VALUES must have the same number of terms
object(PDOException)#14831 (8) {
  ["message":protected]=>
  string(79) "SQLSTATE[HY000]: General error: 1 all VALUES must have the same number of terms"
  ["string":"Exception":private]=>
  string(0) ""
  ["code":protected]=>
  string(5) "HY000"
  ["file":protected]=>
  string(53) "/var/www/dram/data/www/dram.am/app/sys/Core/Model.php"
  ["line":protected]=>
  int(439)
  ["trace":"Exception":private]=>
  array(3) {
    [0]=>
    array(6) {
      ["file"]=>
      string(53) "/var/www/dram/data/www/dram.am/app/sys/Core/Model.php"
      ["line"]=>
      int(439)
      ["function"]=>
      string(4) "exec"
      ["class"]=>
      string(3) "PDO"
      ["type"]=>
      string(2) "->"
      ["args"]=>
      array(1) {
        [0]=>
        string(3078) "INSERT INTO course (cid, price, date_at) VALUES (13, 75,905.46, 1731024001), (14, 2,895.59, 1731024001), (15, 1.00074, 1731024001), (21, 196.30, 1731024001), (16, 598.60, 1731024001), (17, 1.00000, 1731024001), (20, 0.5551, 1731024001), (23, 0.19315, 1731024001), (18, 0.4059, 1731024001), (38, 0.1603, 1731024001), (362, 4.91, 1731024001), (28, 0.000019179, 1731024001), (25, 27.39, 1731024001), (34, 12.59, 1731024001), (39, 377.82, 1731024001), (368, 2.318413202, 1731024001), (24, 4.164, 1731024001), (49, 6.25780297, 1731024001), (33, 71.48, 1731024001), (31, 0.99963, 1731024001), (36, 8.90438060, 1731024001), (35, 4.228168720, 1731024001), (363, 9.829524000, 1731024001), (367, 0.000010961789, 1731024001), (408, 506.95269917, 1731024001), (45, 7.81, 1731024001), (197, 1.410765, 1731024001), (50, 20.26489392, 1731024001), (42, 0.102152512, 1731024001), (58, 163.19925896, 1731024001), (386, 0.11456154, 1731024001), (63, 183.583292091, 1731024001), (434, 0.345492840, 1731024001), (433, 5.029645500, 1731024001), (66, 1.677248495, 1731024001), (361, 40.36753516, 1731024001), (364, 0.092207730, 1731024001), (409, 2.38437264, 1731024001), (381, 0.99980571, 1731024001), (365, 0.580600473, 1731024001), (53, 3.766315400, 1731024001), (375, 0.66942174, 1731024001), (175, 21.58280141, 1731024001), (382, 5.12664089, 1731024001), (130, 1.223266581, 1731024001), (41, 0.72205111, 1731024001), (344, 1.60251098, 1731024001), (74, 5.60047680, 1731024001), (46, 0.04923636, 1731024001), (360, 4.529590718, 1731024001), (48, 0.021758849, 1731024001), (376, 1.24179264, 1731024001), (389, 0.415836689, 1731024001), (393, 0.0000226275, 1731024001), (431, 1.59145773, 1731024001), (64, 0.156982616, 1731024001), (414, 0.50924322, 1731024001), (397, 0.398906747, 1731024001), (405, 1.05535824, 1731024001), (374, 0.0001437469, 1731024001), (67, 1,509.73047973, 1731024001), (285, 4.627866093, 1731024001), (406, 1.99011939, 1731024001), (185, 10.18117651, 1731024001), (330, 1.405574, 1731024001), (56, 1.21233576, 1731024001), (89, 18.00773029, 1731024001), (266, 1.28265892, 1731024001), (52, 6.12793439, 1731024001), (241, 0.0209257, 1731024001), (68, 52.178607807, 1731024001), (411, 0.74081032, 1731024001), (37, 0.122600716, 1731024001), (438, 1.44013045, 1731024001), (391, 0.01920111, 1731024001), (436, 0.00224952, 1731024001), (422, 0.09286673, 1731024001), (27, 0.3439, 1731024001), (402, 5.453256401, 1731024001), (430, 0.00994631, 1731024001), (296, 0.41138599, 1731024001), (369, 0.0000008842, 1731024001), (424, 0.00000211984497, 1731024001), (439, 0.8584492104, 1731024001), (69, 0.539776480, 1731024001), (399, 0.90017931, 1731024001), (112, 9.04422665, 1731024001), (194, 1.061837680, 1731024001), (75, 0.02170735, 1731024001), (55, 4.979627164, 1731024001), (267, 0.99977265, 1731024001), (387, 35.64333156, 1731024001), (84, 62.12978667, 1731024001), (54, 26.613774000, 1731024001), (77, 10.3171, 1731024001), (440, 0.12326529, 1731024001), (82, 44.04592174, 1731024001), (61, 0.466645720, 1731024001), (79, 0.00003554, 1731024001), (373, 0.013161, 1731024001)"
      }
    }
    [1]=>
    array(6) {
      ["file"]=>
      string(53) "/var/www/dram/data/www/dram.am/app/sys/Core/Model.php"
      ["line"]=>
      int(355)
      ["function"]=>
      string(7) "sendSql"
      ["class"]=>
      string(10) "Core\Model"
      ["type"]=>
      string(2) "::"
      ["args"]=>
      array(1) {
        [0]=>
        string(3078) "INSERT INTO course (cid, price, date_at) VALUES (13, 75,905.46, 1731024001), (14, 2,895.59, 1731024001), (15, 1.00074, 1731024001), (21, 196.30, 1731024001), (16, 598.60, 1731024001), (17, 1.00000, 1731024001), (20, 0.5551, 1731024001), (23, 0.19315, 1731024001), (18, 0.4059, 1731024001), (38, 0.1603, 1731024001), (362, 4.91, 1731024001), (28, 0.000019179, 1731024001), (25, 27.39, 1731024001), (34, 12.59, 1731024001), (39, 377.82, 1731024001), (368, 2.318413202, 1731024001), (24, 4.164, 1731024001), (49, 6.25780297, 1731024001), (33, 71.48, 1731024001), (31, 0.99963, 1731024001), (36, 8.90438060, 1731024001), (35, 4.228168720, 1731024001), (363, 9.829524000, 1731024001), (367, 0.000010961789, 1731024001), (408, 506.95269917, 1731024001), (45, 7.81, 1731024001), (197, 1.410765, 1731024001), (50, 20.26489392, 1731024001), (42, 0.102152512, 1731024001), (58, 163.19925896, 1731024001), (386, 0.11456154, 1731024001), (63, 183.583292091, 1731024001), (434, 0.345492840, 1731024001), (433, 5.029645500, 1731024001), (66, 1.677248495, 1731024001), (361, 40.36753516, 1731024001), (364, 0.092207730, 1731024001), (409, 2.38437264, 1731024001), (381, 0.99980571, 1731024001), (365, 0.580600473, 1731024001), (53, 3.766315400, 1731024001), (375, 0.66942174, 1731024001), (175, 21.58280141, 1731024001), (382, 5.12664089, 1731024001), (130, 1.223266581, 1731024001), (41, 0.72205111, 1731024001), (344, 1.60251098, 1731024001), (74, 5.60047680, 1731024001), (46, 0.04923636, 1731024001), (360, 4.529590718, 1731024001), (48, 0.021758849, 1731024001), (376, 1.24179264, 1731024001), (389, 0.415836689, 1731024001), (393, 0.0000226275, 1731024001), (431, 1.59145773, 1731024001), (64, 0.156982616, 1731024001), (414, 0.50924322, 1731024001), (397, 0.398906747, 1731024001), (405, 1.05535824, 1731024001), (374, 0.0001437469, 1731024001), (67, 1,509.73047973, 1731024001), (285, 4.627866093, 1731024001), (406, 1.99011939, 1731024001), (185, 10.18117651, 1731024001), (330, 1.405574, 1731024001), (56, 1.21233576, 1731024001), (89, 18.00773029, 1731024001), (266, 1.28265892, 1731024001), (52, 6.12793439, 1731024001), (241, 0.0209257, 1731024001), (68, 52.178607807, 1731024001), (411, 0.74081032, 1731024001), (37, 0.122600716, 1731024001), (438, 1.44013045, 1731024001), (391, 0.01920111, 1731024001), (436, 0.00224952, 1731024001), (422, 0.09286673, 1731024001), (27, 0.3439, 1731024001), (402, 5.453256401, 1731024001), (430, 0.00994631, 1731024001), (296, 0.41138599, 1731024001), (369, 0.0000008842, 1731024001), (424, 0.00000211984497, 1731024001), (439, 0.8584492104, 1731024001), (69, 0.539776480, 1731024001), (399, 0.90017931, 1731024001), (112, 9.04422665, 1731024001), (194, 1.061837680, 1731024001), (75, 0.02170735, 1731024001), (55, 4.979627164, 1731024001), (267, 0.99977265, 1731024001), (387, 35.64333156, 1731024001), (84, 62.12978667, 1731024001), (54, 26.613774000, 1731024001), (77, 10.3171, 1731024001), (440, 0.12326529, 1731024001), (82, 44.04592174, 1731024001), (61, 0.466645720, 1731024001), (79, 0.00003554, 1731024001), (373, 0.013161, 1731024001)"
      }
    }
    [2]=>
    array(6) {
      ["file"]=>
      string(51) "/var/www/dram/data/www/dram.am/app/cron-courses.php"
      ["line"]=>
      int(73)
      ["function"]=>
      string(6) "insert"
      ["class"]=>
      string(10) "Core\Model"
      ["type"]=>
      string(2) "::"
      ["args"]=>
      array(2) {
        [0]=>
        array(3) {
          [0]=>
          string(3) "cid"
          [1]=>
          string(5) "price"
          [2]=>
          string(7) "date_at"
        }
        [1]=>
        array(100) {
          [0]=>
          string(27) "(13, 75,905.46, 1731024001)"
          [1]=>
          string(26) "(14, 2,895.59, 1731024001)"
          [2]=>
          string(25) "(15, 1.00074, 1731024001)"
          [3]=>
          string(24) "(21, 196.30, 1731024001)"
          [4]=>
          string(24) "(16, 598.60, 1731024001)"
          [5]=>
          string(25) "(17, 1.00000, 1731024001)"
          [6]=>
          string(24) "(20, 0.5551, 1731024001)"
          [7]=>
          string(25) "(23, 0.19315, 1731024001)"
          [8]=>
          string(24) "(18, 0.4059, 1731024001)"
          [9]=>
          string(24) "(38, 0.1603, 1731024001)"
          [10]=>
          string(23) "(362, 4.91, 1731024001)"
          [11]=>
          string(29) "(28, 0.000019179, 1731024001)"
          [12]=>
          string(23) "(25, 27.39, 1731024001)"
          [13]=>
          string(23) "(34, 12.59, 1731024001)"
          [14]=>
          string(24) "(39, 377.82, 1731024001)"
          [15]=>
          string(30) "(368, 2.318413202, 1731024001)"
          [16]=>
          string(23) "(24, 4.164, 1731024001)"
          [17]=>
          string(28) "(49, 6.25780297, 1731024001)"
          [18]=>
          string(23) "(33, 71.48, 1731024001)"
          [19]=>
          string(25) "(31, 0.99963, 1731024001)"
          [20]=>
          string(28) "(36, 8.90438060, 1731024001)"
          [21]=>
          string(29) "(35, 4.228168720, 1731024001)"
          [22]=>
          string(30) "(363, 9.829524000, 1731024001)"
          [23]=>
          string(33) "(367, 0.000010961789, 1731024001)"
          [24]=>
          string(31) "(408, 506.95269917, 1731024001)"
          [25]=>
          string(22) "(45, 7.81, 1731024001)"
          [26]=>
          string(27) "(197, 1.410765, 1731024001)"
          [27]=>
          string(29) "(50, 20.26489392, 1731024001)"
          [28]=>
          string(29) "(42, 0.102152512, 1731024001)"
          [29]=>
          string(30) "(58, 163.19925896, 1731024001)"
          [30]=>
          string(29) "(386, 0.11456154, 1731024001)"
          [31]=>
          string(31) "(63, 183.583292091, 1731024001)"
          [32]=>
          string(30) "(434, 0.345492840, 1731024001)"
          [33]=>
          string(30) "(433, 5.029645500, 1731024001)"
          [34]=>
          string(29) "(66, 1.677248495, 1731024001)"
          [35]=>
          string(30) "(361, 40.36753516, 1731024001)"
          [36]=>
          string(30) "(364, 0.092207730, 1731024001)"
          [37]=>
          string(29) "(409, 2.38437264, 1731024001)"
          [38]=>
          string(29) "(381, 0.99980571, 1731024001)"
          [39]=>
          string(30) "(365, 0.580600473, 1731024001)"
          [40]=>
          string(29) "(53, 3.766315400, 1731024001)"
          [41]=>
          string(29) "(375, 0.66942174, 1731024001)"
          [42]=>
          string(30) "(175, 21.58280141, 1731024001)"
          [43]=>
          string(29) "(382, 5.12664089, 1731024001)"
          [44]=>
          string(30) "(130, 1.223266581, 1731024001)"
          [45]=>
          string(28) "(41, 0.72205111, 1731024001)"
          [46]=>
          string(29) "(344, 1.60251098, 1731024001)"
          [47]=>
          string(28) "(74, 5.60047680, 1731024001)"
          [48]=>
          string(28) "(46, 0.04923636, 1731024001)"
          [49]=>
          string(30) "(360, 4.529590718, 1731024001)"
          [50]=>
          string(29) "(48, 0.021758849, 1731024001)"
          [51]=>
          string(29) "(376, 1.24179264, 1731024001)"
          [52]=>
          string(30) "(389, 0.415836689, 1731024001)"
          [53]=>
          string(31) "(393, 0.0000226275, 1731024001)"
          [54]=>
          string(29) "(431, 1.59145773, 1731024001)"
          [55]=>
          string(29) "(64, 0.156982616, 1731024001)"
          [56]=>
          string(29) "(414, 0.50924322, 1731024001)"
          [57]=>
          string(30) "(397, 0.398906747, 1731024001)"
          [58]=>
          string(29) "(405, 1.05535824, 1731024001)"
          [59]=>
          string(31) "(374, 0.0001437469, 1731024001)"
          [60]=>
          string(32) "(67, 1,509.73047973, 1731024001)"
          [61]=>
          string(30) "(285, 4.627866093, 1731024001)"
          [62]=>
          string(29) "(406, 1.99011939, 1731024001)"
          [63]=>
          string(30) "(185, 10.18117651, 1731024001)"
          [64]=>
          string(27) "(330, 1.405574, 1731024001)"
          [65]=>
          string(28) "(56, 1.21233576, 1731024001)"
          [66]=>
          string(29) "(89, 18.00773029, 1731024001)"
          [67]=>
          string(29) "(266, 1.28265892, 1731024001)"
          [68]=>
          string(28) "(52, 6.12793439, 1731024001)"
          [69]=>
          string(28) "(241, 0.0209257, 1731024001)"
          [70]=>
          string(30) "(68, 52.178607807, 1731024001)"
          [71]=>
          string(29) "(411, 0.74081032, 1731024001)"
          [72]=>
          string(29) "(37, 0.122600716, 1731024001)"
          [73]=>
          string(29) "(438, 1.44013045, 1731024001)"
          [74]=>
          string(29) "(391, 0.01920111, 1731024001)"
          [75]=>
          string(29) "(436, 0.00224952, 1731024001)"
          [76]=>
          string(29) "(422, 0.09286673, 1731024001)"
          [77]=>
          string(24) "(27, 0.3439, 1731024001)"
          [78]=>
          string(30) "(402, 5.453256401, 1731024001)"
          [79]=>
          string(29) "(430, 0.00994631, 1731024001)"
          [80]=>
          string(29) "(296, 0.41138599, 1731024001)"
          [81]=>
          string(31) "(369, 0.0000008842, 1731024001)"
          [82]=>
          string(35) "(424, 0.00000211984497, 1731024001)"
          [83]=>
          string(31) "(439, 0.8584492104, 1731024001)"
          [84]=>
          string(29) "(69, 0.539776480, 1731024001)"
          [85]=>
          string(29) "(399, 0.90017931, 1731024001)"
          [86]=>
          string(29) "(112, 9.04422665, 1731024001)"
          [87]=>
          string(30) "(194, 1.061837680, 1731024001)"
          [88]=>
          string(28) "(75, 0.02170735, 1731024001)"
          [89]=>
          string(29) "(55, 4.979627164, 1731024001)"
          [90]=>
          string(29) "(267, 0.99977265, 1731024001)"
          [91]=>
          string(30) "(387, 35.64333156, 1731024001)"
          [92]=>
          string(29) "(84, 62.12978667, 1731024001)"
          [93]=>
          string(30) "(54, 26.613774000, 1731024001)"
          [94]=>
          string(25) "(77, 10.3171, 1731024001)"
          [95]=>
          string(29) "(440, 0.12326529, 1731024001)"
          [96]=>
          string(29) "(82, 44.04592174, 1731024001)"
          [97]=>
          string(29) "(61, 0.466645720, 1731024001)"
          [98]=>
          string(28) "(79, 0.00003554, 1731024001)"
          [99]=>
          string(27) "(373, 0.013161, 1731024001)"
        }
      }
    }
  }
  ["previous":"Exception":private]=>
  NULL
  ["errorInfo"]=>
  array(3) {
    [0]=>
    string(5) "HY000"
    [1]=>
    int(1)
    [2]=>
    string(45) "all VALUES must have the same number of terms"
  }
}
        